<?xml version="1.0" encoding="UTF-8"?>
<testng-results skipped="0" failed="0" ignored="0" total="0" passed="0">
  <reporter-output>
  </reporter-output>
  <suite name="techfios.TestNG.AppTest" duration-ms="3" started-at="2022-04-07T02:31:56Z" finished-at="2022-04-07T02:31:56Z">
    <groups>
    </groups>
    <test name="Command line test" duration-ms="3" started-at="2022-04-07T02:31:56Z" finished-at="2022-04-07T02:31:56Z">
    </test> <!-- Command line test -->
  </suite> <!-- techfios.TestNG.AppTest -->
</testng-results>
